<?xml version="1.0" encoding="UTF-8"?>
<coverage generated="1676012667649" clover="3.2.0">
  <project timestamp="1676012667649" name="All files">
    <metrics statements="5" coveredstatements="3" conditionals="0" coveredconditionals="0" methods="3" coveredmethods="2" elements="8" coveredelements="5" complexity="0" loc="5" ncloc="5" packages="3" files="3" classes="3"/>
    <package name="template-app">
      <metrics statements="2" coveredstatements="0" conditionals="0" coveredconditionals="0" methods="1" coveredmethods="0"/>
      <file name="App.js" path="/Users/jakinbacon/programming/react-native/template-app/App.js">
        <metrics statements="2" coveredstatements="0" conditionals="0" coveredconditionals="0" methods="1" coveredmethods="0"/>
        <line num="5" count="0" type="stmt"/>
        <line num="13" count="0" type="stmt"/>
      </file>
    </package>
    <package name="template-app.components">
      <metrics statements="1" coveredstatements="1" conditionals="0" coveredconditionals="0" methods="1" coveredmethods="1"/>
      <file name="SmokeComponent.js" path="/Users/jakinbacon/programming/react-native/template-app/components/SmokeComponent.js">
        <metrics statements="1" coveredstatements="1" conditionals="0" coveredconditionals="0" methods="1" coveredmethods="1"/>
        <line num="5" count="1" type="stmt"/>
      </file>
    </package>
    <package name="template-app.utils">
      <metrics statements="2" coveredstatements="2" conditionals="0" coveredconditionals="0" methods="1" coveredmethods="1"/>
      <file name="smokeHelper.js" path="/Users/jakinbacon/programming/react-native/template-app/utils/smokeHelper.js">
        <metrics statements="2" coveredstatements="2" conditionals="0" coveredconditionals="0" methods="1" coveredmethods="1"/>
        <line num="1" count="1" type="stmt"/>
        <line num="2" count="1" type="stmt"/>
      </file>
    </package>
  </project>
</coverage>
